
2024/07/18 (20:23:54) | ===> btop++ v.1.3.2
2024/07/18 (20:23:54) | ERROR: Couldn't determine terminal size of "STDOUT_FILENO"!
2024/07/18 (20:23:54) | ERROR: Couldn't determine terminal size of "/dev/tty"!

2024/07/23 (14:19:16) | ===> btop++ v.1.3.2
2024/07/23 (14:19:16) | ERROR: Stall in Runner thread, restarting!
2024/07/23 (14:19:54) | ERROR: Stall in Runner thread, restarting!
2024/07/23 (14:20:06) | ERROR: Stall in Runner thread, restarting!
2024/07/23 (14:22:24) | ERROR: Stall in Runner thread, restarting!
2024/07/23 (14:22:33) | ERROR: Stall in Runner thread, restarting!

2024/07/23 (21:32:32) | ===> btop++ v.1.3.2
2024/07/23 (21:32:32) | ERROR: Stall in Runner thread, restarting!
2024/07/23 (21:33:40) | ERROR: Stall in Runner thread, restarting!

2024/07/24 (16:26:47) | ===> btop++ v.1.3.2
2024/07/24 (16:26:47) | ERROR: Stall in Runner thread, restarting!
2024/07/24 (16:26:47) | WARNING: Error in Mem::collect() : std::future_error: No associated state
2024/07/24 (16:26:48) | WARNING: Error in Mem::collect() : std::future_error: No associated state
2024/07/24 (16:27:01) | ERROR: Stall in Runner thread, restarting!

2024/07/24 (20:49:28) | ===> btop++ v.1.3.2
2024/07/24 (20:49:28) | ERROR: Stall in Runner thread, restarting!
2024/07/24 (20:50:47) | ERROR: Stall in Runner thread, restarting!
2024/07/24 (20:52:11) | ERROR: Stall in Runner thread, restarting!
2024/07/24 (20:52:35) | ERROR: Stall in Runner thread, restarting!
